ERROR - 2023-05-07 16:20:23 --> Error connecting to the database: mysqli_sql_exception: Access denied for user 'useradmin'@'localhost' (using password: YES) in E:\development\Proyectos\UPN212TEZ\evaldoc\system\Database\MySQLi\Connection.php:173
Stack trace:
#0 E:\development\Proyectos\UPN212TEZ\evaldoc\system\Database\MySQLi\Connection.php(173): mysqli->real_connect('localhost', 'useradmin', Object(SensitiveParameterValue), 'upn212evaldoc', 3306, '', 0)
#1 E:\development\Proyectos\UPN212TEZ\evaldoc\system\Database\BaseConnection.php(391): CodeIgniter\Database\MySQLi\Connection->connect(false)
#2 E:\development\Proyectos\UPN212TEZ\evaldoc\system\Database\BaseConnection.php(573): CodeIgniter\Database\BaseConnection->initialize()
#3 E:\development\Proyectos\UPN212TEZ\evaldoc\system\Database\BaseConnection.php(1408): CodeIgniter\Database\BaseConnection->query('SHOW TABLES FRO...')
#4 E:\development\Proyectos\UPN212TEZ\evaldoc\system\Database\BaseConnection.php(1427): CodeIgniter\Database\BaseConnection->listTables()
#5 E:\development\Proyectos\UPN212TEZ\evaldoc\system\Database\MigrationRunner.php(768): CodeIgniter\Database\BaseConnection->tableExists('migrations')
#6 E:\development\Proyectos\UPN212TEZ\evaldoc\system\Database\MigrationRunner.php(168): CodeIgniter\Database\MigrationRunner->ensureTable()
#7 E:\development\Proyectos\UPN212TEZ\evaldoc\system\Commands\Database\Migrate.php(84): CodeIgniter\Database\MigrationRunner->latest(NULL)
#8 E:\development\Proyectos\UPN212TEZ\evaldoc\system\CLI\Commands.php(65): CodeIgniter\Commands\Database\Migrate->run(Array)
#9 E:\development\Proyectos\UPN212TEZ\evaldoc\system\CLI\Console.php(37): CodeIgniter\CLI\Commands->run('migrate', Array)
#10 E:\development\Proyectos\UPN212TEZ\evaldoc\spark(97): CodeIgniter\CLI\Console->run()
#11 {main}

Next CodeIgniter\Database\Exceptions\DatabaseException: Access denied for user '****'@'localhost' (using password: YES) in E:\development\Proyectos\UPN212TEZ\evaldoc\system\Database\MySQLi\Connection.php:218
Stack trace:
#0 E:\development\Proyectos\UPN212TEZ\evaldoc\system\Database\BaseConnection.php(391): CodeIgniter\Database\MySQLi\Connection->connect(false)
#1 E:\development\Proyectos\UPN212TEZ\evaldoc\system\Database\BaseConnection.php(573): CodeIgniter\Database\BaseConnection->initialize()
#2 E:\development\Proyectos\UPN212TEZ\evaldoc\system\Database\BaseConnection.php(1408): CodeIgniter\Database\BaseConnection->query('SHOW TABLES FRO...')
#3 E:\development\Proyectos\UPN212TEZ\evaldoc\system\Database\BaseConnection.php(1427): CodeIgniter\Database\BaseConnection->listTables()
#4 E:\development\Proyectos\UPN212TEZ\evaldoc\system\Database\MigrationRunner.php(768): CodeIgniter\Database\BaseConnection->tableExists('migrations')
#5 E:\development\Proyectos\UPN212TEZ\evaldoc\system\Database\MigrationRunner.php(168): CodeIgniter\Database\MigrationRunner->ensureTable()
#6 E:\development\Proyectos\UPN212TEZ\evaldoc\system\Commands\Database\Migrate.php(84): CodeIgniter\Database\MigrationRunner->latest(NULL)
#7 E:\development\Proyectos\UPN212TEZ\evaldoc\system\CLI\Commands.php(65): CodeIgniter\Commands\Database\Migrate->run(Array)
#8 E:\development\Proyectos\UPN212TEZ\evaldoc\system\CLI\Console.php(37): CodeIgniter\CLI\Commands->run('migrate', Array)
#9 E:\development\Proyectos\UPN212TEZ\evaldoc\spark(97): CodeIgniter\CLI\Console->run()
#10 {main}
